<?xml version="1.0" encoding="UTF-8"?>
<!-- Generated by org.testng.reporters.JUnitXMLReporter -->
<testsuite hostname="XIPL0425" ignored="0" name="Fifth test" tests="5" failures="0" timestamp="27 Feb 2019 13:25:32 GMT" time="313.763" errors="0">
  <testcase name="am" time="43.601" classname="selenium_grid.GridTest"/>
  <testcase name="bm" time="66.805" classname="selenium_grid.GridTest"/>
  <testcase name="cm" time="65.932" classname="selenium_grid.GridTest"/>
  <testcase name="dm" time="63.72" classname="selenium_grid.GridTest"/>
  <testcase name="em" time="73.674" classname="selenium_grid.GridTest"/>
</testsuite> <!-- Fifth test -->
