<?xml version="1.0" encoding="UTF-8"?>
<!-- Generated by org.testng.reporters.JUnitXMLReporter -->
<testsuite hostname="XIPL0425" ignored="0" name="First test" tests="5" failures="0" timestamp="27 Feb 2019 15:14:21 GMT" time="69.298" errors="0">
  <testcase name="am" time="69.195" classname="selenium_grid.GridTest"/>
  <testcase name="cm" time="69.202" classname="selenium_grid.GridTest"/>
  <testcase name="dm" time="69.224" classname="selenium_grid.GridTest"/>
  <testcase name="em" time="69.258" classname="selenium_grid.GridTest"/>
  <testcase name="bm" time="69.268" classname="selenium_grid.GridTest"/>
</testsuite> <!-- First test -->
