<?xml version="1.0" encoding="UTF-8"?>
<!-- Generated by org.testng.reporters.JUnitXMLReporter -->
<testsuite hostname="XIPL0425" ignored="0" name="Forth test" tests="5" failures="0" timestamp="27 Feb 2019 13:25:50 GMT" time="331.383" errors="0">
  <testcase name="am" time="55.639" classname="selenium_grid.GridTest"/>
  <testcase name="bm" time="68.538" classname="selenium_grid.GridTest"/>
  <testcase name="cm" time="63.998" classname="selenium_grid.GridTest"/>
  <testcase name="dm" time="65.469" classname="selenium_grid.GridTest"/>
  <testcase name="em" time="77.709" classname="selenium_grid.GridTest"/>
</testsuite> <!-- Forth test -->
