<?xml version="1.0" encoding="UTF-8"?>
<!-- Generated by org.testng.reporters.JUnitXMLReporter -->
<testsuite hostname="XIPL0425" ignored="0" name="Second test" tests="5" failures="0" timestamp="27 Feb 2019 13:25:12 GMT" time="293.619" errors="0">
  <testcase name="am" time="29.722" classname="selenium_grid.GridTest"/>
  <testcase name="bm" time="67.835" classname="selenium_grid.GridTest"/>
  <testcase name="cm" time="65.538" classname="selenium_grid.GridTest"/>
  <testcase name="dm" time="63.992" classname="selenium_grid.GridTest"/>
  <testcase name="em" time="66.497" classname="selenium_grid.GridTest"/>
</testsuite> <!-- Second test -->
