<?xml version="1.0" encoding="UTF-8"?>
<!-- Generated by org.testng.reporters.JUnitXMLReporter -->
<testsuite hostname="XIPL0425" ignored="0" name="Third test" tests="5" failures="0" timestamp="27 Feb 2019 13:24:59 GMT" time="280.835" errors="0">
  <testcase name="am" time="16.051" classname="selenium_grid.GridTest"/>
  <testcase name="bm" time="66.674" classname="selenium_grid.GridTest"/>
  <testcase name="cm" time="68.012" classname="selenium_grid.GridTest"/>
  <testcase name="dm" time="64.417" classname="selenium_grid.GridTest"/>
  <testcase name="em" time="65.643" classname="selenium_grid.GridTest"/>
</testsuite> <!-- Third test -->
